[debug] [2025-04-06T21:39:49.623Z] ----------------------------------------------------------------------
[debug] [2025-04-06T21:39:49.627Z] Command:       /usr/local/bin/firebase /Users/devenplatt/.cache/firebase/tools/lib/node_modules/firebase-tools/lib/bin/firebase apps:create ios Flutter_GrinNet (ios) --bundle-id=? --json --project=fluttergrinnet
[debug] [2025-04-06T21:39:49.627Z] CLI Version:   14.1.0
[debug] [2025-04-06T21:39:49.627Z] Platform:      darwin
[debug] [2025-04-06T21:39:49.627Z] Node Version:  v20.18.2
[debug] [2025-04-06T21:39:49.628Z] Time:          Sun Apr 06 2025 16:39:49 GMT-0500 (Central Daylight Time)
[debug] [2025-04-06T21:39:49.628Z] ----------------------------------------------------------------------
[debug] 
[debug] [2025-04-06T21:39:49.635Z] > command requires scopes: ["email","openid","https://www.googleapis.com/auth/cloudplatformprojects.readonly","https://www.googleapis.com/auth/firebase","https://www.googleapis.com/auth/cloud-platform"]
[debug] [2025-04-06T21:39:49.637Z] > authorizing via signed-in user (devenplatt@gmail.com)
[info] Create your IOS app in project fluttergrinnet:
[debug] [2025-04-06T21:39:49.641Z] Checked if tokens are valid: true, expires at: 1743978818633
[debug] [2025-04-06T21:39:49.642Z] Checked if tokens are valid: true, expires at: 1743978818633
[debug] [2025-04-06T21:39:49.643Z] >>> [apiv2][query] POST https://firebase.googleapis.com/v1beta1/projects/fluttergrinnet/iosApps [none]
[debug] [2025-04-06T21:39:49.644Z] >>> [apiv2][body] POST https://firebase.googleapis.com/v1beta1/projects/fluttergrinnet/iosApps {"displayName":"Flutter_GrinNet (ios)","bundleId":"?"}
[debug] [2025-04-06T21:39:49.909Z] <<< [apiv2][status] POST https://firebase.googleapis.com/v1beta1/projects/fluttergrinnet/iosApps 400
[debug] [2025-04-06T21:39:49.910Z] <<< [apiv2][body] POST https://firebase.googleapis.com/v1beta1/projects/fluttergrinnet/iosApps {"error":{"code":400,"message":"Request contains an invalid argument.","status":"INVALID_ARGUMENT"}}
[debug] [2025-04-06T21:39:49.912Z] Request to https://firebase.googleapis.com/v1beta1/projects/fluttergrinnet/iosApps had HTTP Error: 400, Request contains an invalid argument.
[debug] [2025-04-06T21:39:49.915Z] FirebaseError: Request to https://firebase.googleapis.com/v1beta1/projects/fluttergrinnet/iosApps had HTTP Error: 400, Request contains an invalid argument.
    at responseToError (/Users/devenplatt/.cache/firebase/tools/lib/node_modules/firebase-tools/lib/responseToError.js:52:12)
    at RetryOperation._fn (/Users/devenplatt/.cache/firebase/tools/lib/node_modules/firebase-tools/lib/apiv2.js:312:77)
    at process.processTicksAndRejections (node:internal/process/task_queues:95:5)
[error] 
[error] Error: Failed to create iOS app for project fluttergrinnet. See firebase-debug.log for more info.
